2025-04-28 17:44:25,887 - TaskManager - INFO - Executing handle_add_task with args: (<MagicMock id='3047770056096'>,), kwargs: {}
2025-04-28 17:44:25,888 - TaskManager - INFO - Completed handle_add_task
2025-04-28 17:44:26,478 - TaskManager - INFO - Executing handle_delete_task with args: (<MagicMock id='3047776794624'>,), kwargs: {}
2025-04-28 17:44:26,478 - TaskManager - INFO - Completed handle_delete_task
2025-04-28 17:44:26,526 - TaskManager - INFO - Executing handle_get_task with args: (<MagicMock id='3047777315216'>,), kwargs: {}
2025-04-28 17:44:26,526 - TaskManager - INFO - Completed handle_get_task
2025-04-28 17:44:26,526 - TaskManager - INFO - Executing handle_list_tasks with args: (<MagicMock id='3047775443648'>,), kwargs: {}
2025-04-28 17:44:26,572 - TaskManager - INFO - Executing handle_update_task with args: (<MagicMock id='3047778602496'>,), kwargs: {}
2025-04-28 17:44:26,572 - TaskManager - INFO - Completed handle_update_task
2025-04-28 21:53:19,276 - TaskManager - INFO - Executing handle_add_task with args: (<MagicMock id='2358173478608'>,), kwargs: {}
2025-04-28 21:53:19,278 - TaskManager - INFO - Completed handle_add_task
2025-04-29 15:03:09,941 - TaskManager - INFO - Executing handle_add_task with args: (<MagicMock id='2508181385104'>,), kwargs: {}
2025-04-29 15:03:09,944 - TaskManager - INFO - Completed handle_add_task
2025-04-29 15:03:09,947 - TaskManager - INFO - Executing handle_get_task with args: (<MagicMock id='2508181499840'>,), kwargs: {}
2025-04-29 15:03:09,949 - TaskManager - INFO - Completed handle_get_task
2025-04-29 15:06:12,175 - TaskManager - INFO - Executing handle_add_task with args: (<MagicMock id='2175020987456'>,), kwargs: {}
2025-04-29 15:06:12,180 - TaskManager - INFO - Completed handle_add_task
2025-04-29 15:06:12,182 - TaskManager - INFO - Executing handle_get_task with args: (<MagicMock id='2175021118528'>,), kwargs: {}
2025-04-29 15:06:12,188 - TaskManager - INFO - Completed handle_get_task
2025-04-29 15:06:12,188 - TaskManager - INFO - Executing handle_get_task with args: (<MagicMock id='2175020981696'>,), kwargs: {}
2025-04-29 15:06:12,188 - TaskManager - INFO - Completed handle_get_task
2025-04-29 15:09:57,241 - TaskManager - INFO - Executing handle_add_task with args: (<MagicMock id='2077398705376'>,), kwargs: {}
2025-04-29 15:09:57,241 - TaskManager - INFO - Completed handle_add_task
2025-04-29 15:09:57,258 - TaskManager - INFO - Executing handle_delete_task with args: (<MagicMock id='2077409895504'>,), kwargs: {}
2025-04-29 15:09:57,258 - TaskManager - INFO - Completed handle_delete_task
2025-04-29 15:09:57,258 - TaskManager - INFO - Executing handle_get_task with args: (<MagicMock id='2077409890608'>,), kwargs: {}
2025-04-29 15:09:57,258 - TaskManager - INFO - Completed handle_get_task
2025-04-29 15:09:57,292 - TaskManager - INFO - Executing handle_get_task with args: (<MagicMock id='2077409896800'>,), kwargs: {}
2025-04-29 15:09:57,293 - TaskManager - INFO - Completed handle_get_task
2025-04-29 15:34:13,833 - TaskManager - INFO - Executing handle_add_task with args: (<MagicMock id='2068059354368'>,), kwargs: {}
2025-04-29 15:34:13,838 - TaskManager - INFO - Completed handle_add_task
2025-04-29 15:34:13,849 - TaskManager - INFO - Executing handle_delete_task with args: (<MagicMock id='2068059343424'>,), kwargs: {}
2025-04-29 15:34:13,849 - TaskManager - INFO - Completed handle_delete_task
2025-04-29 15:34:13,920 - TaskManager - INFO - Executing handle_get_task with args: (<MagicMock id='2068059347984'>,), kwargs: {}
2025-04-29 15:34:13,921 - TaskManager - INFO - Completed handle_get_task
2025-04-29 15:34:13,924 - TaskManager - INFO - Executing handle_get_task with args: (<MagicMock id='2068059441536'>,), kwargs: {}
2025-04-29 15:34:13,924 - TaskManager - INFO - Completed handle_get_task
2025-04-29 15:34:13,936 - TaskManager - INFO - Executing handle_list_tasks with args: (<MagicMock id='2068058048032'>,), kwargs: {}
2025-04-29 15:34:13,941 - TaskManager - INFO - Completed handle_list_tasks
2025-04-29 15:43:22,859 - TaskManager - INFO - Executing handle_add_task with args: (<MagicMock id='1828794841664'>,), kwargs: {}
2025-04-29 15:43:22,861 - TaskManager - INFO - Completed handle_add_task
2025-04-29 15:43:22,863 - TaskManager - INFO - Executing handle_delete_task with args: (<MagicMock id='1828794831200'>,), kwargs: {}
2025-04-29 15:43:22,864 - TaskManager - INFO - Completed handle_delete_task
2025-04-29 15:43:22,891 - TaskManager - INFO - Executing handle_get_task with args: (<MagicMock id='1828794833360'>,), kwargs: {}
2025-04-29 15:43:22,891 - TaskManager - INFO - Completed handle_get_task
2025-04-29 15:43:22,894 - TaskManager - INFO - Executing handle_get_task with args: (<MagicMock id='1828794911344'>,), kwargs: {}
2025-04-29 15:43:22,894 - TaskManager - INFO - Completed handle_get_task
2025-04-29 15:43:22,900 - TaskManager - INFO - Executing handle_list_tasks with args: (<MagicMock id='1828794951984'>,), kwargs: {}
2025-04-29 15:43:22,900 - TaskManager - INFO - Completed handle_list_tasks
2025-04-29 15:43:23,299 - TaskManager - INFO - Executing handle_list_tasks with args: (<MagicMock id='1828793348272'>,), kwargs: {}
2025-04-29 15:43:23,299 - TaskManager - INFO - Completed handle_list_tasks
2025-04-29 16:01:36,293 - TaskManager - INFO - Executing handle_add_task with args: (<MagicMock id='2754622421280'>,), kwargs: {}
2025-04-29 16:01:36,296 - TaskManager - INFO - Completed handle_add_task
2025-04-29 16:01:36,303 - TaskManager - INFO - Executing handle_delete_task with args: (<MagicMock id='2754622410864'>,), kwargs: {}
2025-04-29 16:01:36,303 - TaskManager - INFO - Completed handle_delete_task
2025-04-29 16:01:36,354 - TaskManager - INFO - Executing handle_get_task with args: (<MagicMock id='2754622412736'>,), kwargs: {}
2025-04-29 16:01:36,356 - TaskManager - INFO - Completed handle_get_task
2025-04-29 16:01:36,360 - TaskManager - INFO - Executing handle_get_task with args: (<MagicMock id='2754622508112'>,), kwargs: {}
2025-04-29 16:01:36,361 - TaskManager - INFO - Completed handle_get_task
2025-04-29 16:01:36,364 - TaskManager - INFO - Executing handle_list_tasks with args: (<MagicMock id='2754622547408'>,), kwargs: {}
2025-04-29 16:01:36,365 - TaskManager - INFO - Completed handle_list_tasks
2025-04-29 16:01:36,368 - TaskManager - INFO - Executing handle_list_tasks with args: (<MagicMock id='2754622507248'>,), kwargs: {}
2025-04-29 16:01:36,369 - TaskManager - INFO - Completed handle_list_tasks
2025-04-29 16:24:53,887 - TaskManager - INFO - Executing handle_add_task with args: (<MagicMock id='1966822996736'>,), kwargs: {}
2025-04-29 16:24:53,888 - TaskManager - INFO - Completed handle_add_task
2025-04-29 16:24:53,891 - TaskManager - INFO - Executing handle_delete_task with args: (<MagicMock id='1966822985840'>,), kwargs: {}
2025-04-29 16:24:53,892 - TaskManager - INFO - Completed handle_delete_task
2025-04-29 16:24:53,913 - TaskManager - INFO - Executing handle_get_task with args: (<MagicMock id='1966822991888'>,), kwargs: {}
2025-04-29 16:24:53,913 - TaskManager - INFO - Completed handle_get_task
2025-04-29 16:24:53,913 - TaskManager - INFO - Executing handle_get_task with args: (<MagicMock id='1966823099424'>,), kwargs: {}
2025-04-29 16:24:53,913 - TaskManager - INFO - Completed handle_get_task
2025-04-29 16:24:53,913 - TaskManager - INFO - Executing handle_list_tasks with args: (<MagicMock id='1966822993568'>,), kwargs: {}
2025-04-29 16:24:53,913 - TaskManager - INFO - Completed handle_list_tasks
2025-04-29 16:24:53,913 - TaskManager - INFO - Executing handle_list_tasks with args: (<MagicMock id='1966823185376'>,), kwargs: {}
2025-04-29 16:24:53,913 - TaskManager - INFO - Completed handle_list_tasks
2025-04-29 16:27:50,453 - TaskManager - INFO - Executing handle_add_task with args: (<MagicMock id='1513233923440'>,), kwargs: {}
2025-04-29 16:27:50,453 - TaskManager - INFO - Completed handle_add_task
2025-04-29 16:27:50,453 - TaskManager - INFO - Executing handle_delete_task with args: (<MagicMock id='1513233912496'>,), kwargs: {}
2025-04-29 16:27:50,453 - TaskManager - INFO - Completed handle_delete_task
2025-04-29 16:27:50,486 - TaskManager - INFO - Executing handle_get_task with args: (<MagicMock id='1513233916048'>,), kwargs: {}
2025-04-29 16:27:50,486 - TaskManager - INFO - Completed handle_get_task
2025-04-29 16:27:50,486 - TaskManager - INFO - Executing handle_get_task with args: (<MagicMock id='1513234025024'>,), kwargs: {}
2025-04-29 16:27:50,486 - TaskManager - INFO - Completed handle_get_task
2025-04-29 16:27:50,486 - TaskManager - INFO - Executing handle_list_tasks with args: (<MagicMock id='1513233917728'>,), kwargs: {}
2025-04-29 16:27:50,486 - TaskManager - INFO - Completed handle_list_tasks
2025-04-29 16:27:50,504 - TaskManager - INFO - Executing handle_list_tasks with args: (<MagicMock id='1513234137552'>,), kwargs: {}
2025-04-29 16:27:50,505 - TaskManager - INFO - Completed handle_list_tasks
2025-04-29 18:53:42,902 - TaskManager - INFO - Executing handle_add_task with args: (<MagicMock id='3086379120304'>,), kwargs: {}
2025-04-29 18:53:42,904 - TaskManager - INFO - Completed handle_add_task
2025-04-29 18:53:42,907 - TaskManager - INFO - Executing handle_delete_task with args: (<MagicMock id='3086380206656'>,), kwargs: {}
2025-04-29 18:53:42,907 - TaskManager - INFO - Completed handle_delete_task
2025-04-29 18:53:42,944 - TaskManager - INFO - Executing handle_get_task with args: (<MagicMock id='3086380206128'>,), kwargs: {}
2025-04-29 18:53:42,945 - TaskManager - INFO - Completed handle_get_task
2025-04-29 18:53:42,947 - TaskManager - INFO - Executing handle_get_task with args: (<MagicMock id='3086380682080'>,), kwargs: {}
2025-04-29 18:53:42,947 - TaskManager - INFO - Completed handle_get_task
2025-04-29 18:53:42,949 - TaskManager - INFO - Executing handle_list_tasks with args: (<MagicMock id='3086380723296'>,), kwargs: {}
2025-04-29 18:53:42,949 - TaskManager - INFO - Completed handle_list_tasks
2025-04-29 18:53:42,952 - TaskManager - INFO - Executing handle_list_tasks with args: (<MagicMock id='3086380776240'>,), kwargs: {}
2025-04-29 18:53:42,952 - TaskManager - INFO - Completed handle_list_tasks
2025-04-29 18:56:06,424 - TaskManager - INFO - Executing handle_add_task with args: (<MagicMock id='1814895688784'>,), kwargs: {}
2025-04-29 18:56:06,426 - TaskManager - INFO - Completed handle_add_task
2025-04-29 18:56:06,429 - TaskManager - INFO - Executing handle_delete_task with args: (<MagicMock id='1814895677984'>,), kwargs: {}
2025-04-29 18:56:06,430 - TaskManager - INFO - Completed handle_delete_task
2025-04-29 18:56:06,449 - TaskManager - INFO - Executing handle_get_task with args: (<MagicMock id='1814895683984'>,), kwargs: {}
2025-04-29 18:56:06,449 - TaskManager - INFO - Completed handle_get_task
2025-04-29 18:56:06,467 - TaskManager - INFO - Executing handle_get_task with args: (<MagicMock id='1814895774416'>,), kwargs: {}
2025-04-29 18:56:06,467 - TaskManager - INFO - Completed handle_get_task
2025-04-29 18:56:06,471 - TaskManager - INFO - Executing handle_list_tasks with args: (<MagicMock id='1814895685664'>,), kwargs: {}
2025-04-29 18:56:06,472 - TaskManager - INFO - Completed handle_list_tasks
2025-04-29 18:56:06,475 - TaskManager - INFO - Executing handle_list_tasks with args: (<MagicMock id='1814895886608'>,), kwargs: {}
2025-04-29 18:56:06,476 - TaskManager - INFO - Completed handle_list_tasks
2025-04-29 18:56:39,938 - TaskManager - INFO - Executing handle_add_task with args: (<MagicMock id='2655940361824'>,), kwargs: {}
2025-04-29 18:56:39,941 - TaskManager - INFO - Completed handle_add_task
2025-04-29 18:56:39,945 - TaskManager - INFO - Executing handle_delete_task with args: (<MagicMock id='2655940350736'>,), kwargs: {}
2025-04-29 18:56:39,945 - TaskManager - INFO - Completed handle_delete_task
2025-04-29 18:56:39,984 - TaskManager - INFO - Executing handle_get_task with args: (<MagicMock id='2655940357696'>,), kwargs: {}
2025-04-29 18:56:39,986 - TaskManager - INFO - Completed handle_get_task
2025-04-29 18:56:39,987 - TaskManager - INFO - Executing handle_get_task with args: (<MagicMock id='2655940430544'>,), kwargs: {}
2025-04-29 18:56:39,988 - TaskManager - INFO - Completed handle_get_task
2025-04-29 18:56:39,993 - TaskManager - INFO - Executing handle_list_tasks with args: (<MagicMock id='2655940471808'>,), kwargs: {}
2025-04-29 18:56:39,993 - TaskManager - INFO - Completed handle_list_tasks
2025-04-29 18:56:39,993 - TaskManager - INFO - Executing handle_list_tasks with args: (<MagicMock id='2655940524176'>,), kwargs: {}
2025-04-29 18:56:39,993 - TaskManager - INFO - Completed handle_list_tasks
2025-04-29 18:56:39,993 - TaskManager - INFO - Executing handle_update_task with args: (<MagicMock id='2655940614656'>,), kwargs: {}
2025-04-29 19:00:15,466 - TaskManager - INFO - Executing handle_add_task with args: (<MagicMock id='1512654759664'>,), kwargs: {}
2025-04-29 19:00:15,467 - TaskManager - INFO - Completed handle_add_task
2025-04-29 19:00:15,467 - TaskManager - INFO - Executing handle_delete_task with args: (<MagicMock id='1512656228608'>,), kwargs: {}
2025-04-29 19:00:15,467 - TaskManager - INFO - Completed handle_delete_task
2025-04-29 19:00:15,520 - TaskManager - INFO - Executing handle_get_task with args: (<MagicMock id='1512656235808'>,), kwargs: {}
2025-04-29 19:00:15,521 - TaskManager - INFO - Completed handle_get_task
2025-04-29 19:00:15,524 - TaskManager - INFO - Executing handle_get_task with args: (<MagicMock id='1512656325232'>,), kwargs: {}
2025-04-29 19:00:15,524 - TaskManager - INFO - Completed handle_get_task
2025-04-29 19:00:15,524 - TaskManager - INFO - Executing handle_list_tasks with args: (<MagicMock id='1512656366352'>,), kwargs: {}
2025-04-29 19:00:15,524 - TaskManager - INFO - Completed handle_list_tasks
2025-04-29 19:00:15,535 - TaskManager - INFO - Executing handle_list_tasks with args: (<MagicMock id='1512656437472'>,), kwargs: {}
2025-04-29 19:00:15,536 - TaskManager - INFO - Completed handle_list_tasks
2025-04-29 19:00:15,541 - TaskManager - INFO - Executing handle_update_task with args: (<MagicMock id='1512656509392'>,), kwargs: {}
2025-04-29 19:01:00,989 - TaskManager - INFO - Executing handle_add_task with args: (<MagicMock id='1594774502960'>,), kwargs: {}
2025-04-29 19:01:00,991 - TaskManager - INFO - Completed handle_add_task
2025-04-29 19:01:00,994 - TaskManager - INFO - Executing handle_delete_task with args: (<MagicMock id='1594773436080'>,), kwargs: {}
2025-04-29 19:01:00,994 - TaskManager - INFO - Completed handle_delete_task
2025-04-29 19:01:01,017 - TaskManager - INFO - Executing handle_get_task with args: (<MagicMock id='1594774498688'>,), kwargs: {}
2025-04-29 19:01:01,017 - TaskManager - INFO - Completed handle_get_task
2025-04-29 19:01:01,017 - TaskManager - INFO - Executing handle_get_task with args: (<MagicMock id='1594774571776'>,), kwargs: {}
2025-04-29 19:01:01,017 - TaskManager - INFO - Completed handle_get_task
2025-04-29 19:01:01,017 - TaskManager - INFO - Executing handle_list_tasks with args: (<MagicMock id='1594774612944'>,), kwargs: {}
2025-04-29 19:01:01,017 - TaskManager - INFO - Completed handle_list_tasks
2025-04-29 19:01:01,017 - TaskManager - INFO - Executing handle_list_tasks with args: (<MagicMock id='1594774665840'>,), kwargs: {}
2025-04-29 19:01:01,017 - TaskManager - INFO - Completed handle_list_tasks
2025-04-29 19:01:01,017 - TaskManager - INFO - Executing handle_update_task with args: (<MagicMock id='1594774755984'>,), kwargs: {}
2025-04-29 19:02:26,236 - TaskManager - INFO - Executing handle_add_task with args: (<MagicMock id='2484614851056'>,), kwargs: {}
2025-04-29 19:02:26,239 - TaskManager - INFO - Completed handle_add_task
2025-04-29 19:02:26,242 - TaskManager - INFO - Executing handle_delete_task with args: (<MagicMock id='2484616336144'>,), kwargs: {}
2025-04-29 19:02:26,244 - TaskManager - INFO - Completed handle_delete_task
2025-04-29 19:02:26,282 - TaskManager - INFO - Executing handle_get_task with args: (<MagicMock id='2484616340080'>,), kwargs: {}
2025-04-29 19:02:26,282 - TaskManager - INFO - Completed handle_get_task
2025-04-29 19:02:26,285 - TaskManager - INFO - Executing handle_get_task with args: (<MagicMock id='2484616415712'>,), kwargs: {}
2025-04-29 19:02:26,286 - TaskManager - INFO - Completed handle_get_task
2025-04-29 19:02:26,288 - TaskManager - INFO - Executing handle_list_tasks with args: (<MagicMock id='2484616457168'>,), kwargs: {}
2025-04-29 19:02:26,289 - TaskManager - INFO - Completed handle_list_tasks
2025-04-29 19:02:26,292 - TaskManager - INFO - Executing handle_list_tasks with args: (<MagicMock id='2484616511312'>,), kwargs: {}
2025-04-29 19:02:26,292 - TaskManager - INFO - Completed handle_list_tasks
2025-04-29 19:02:26,292 - TaskManager - INFO - Executing handle_update_task with args: (<MagicMock id='2484616600160'>,), kwargs: {}
2025-04-29 19:04:26,990 - TaskManager - INFO - Executing handle_add_task with args: (<MagicMock id='2040414567744'>,), kwargs: {}
2025-04-29 19:04:26,991 - TaskManager - INFO - Completed handle_add_task
2025-04-29 19:04:26,995 - TaskManager - INFO - Executing handle_delete_task with args: (<MagicMock id='2040412567600'>,), kwargs: {}
2025-04-29 19:04:26,995 - TaskManager - INFO - Completed handle_delete_task
2025-04-29 19:04:27,021 - TaskManager - INFO - Executing handle_get_task with args: (<MagicMock id='2040414563232'>,), kwargs: {}
2025-04-29 19:04:27,021 - TaskManager - INFO - Completed handle_get_task
2025-04-29 19:04:27,023 - TaskManager - INFO - Executing handle_get_task with args: (<MagicMock id='2040414653232'>,), kwargs: {}
2025-04-29 19:04:27,024 - TaskManager - INFO - Completed handle_get_task
2025-04-29 19:04:27,025 - TaskManager - INFO - Executing handle_list_tasks with args: (<MagicMock id='2040414693872'>,), kwargs: {}
2025-04-29 19:04:27,025 - TaskManager - INFO - Completed handle_list_tasks
2025-04-29 19:04:27,028 - TaskManager - INFO - Executing handle_list_tasks with args: (<MagicMock id='2040413093040'>,), kwargs: {}
2025-04-29 19:04:27,030 - TaskManager - INFO - Completed handle_list_tasks
2025-04-29 19:04:27,037 - TaskManager - INFO - Executing handle_update_task with args: (<MagicMock id='2040414836720'>,), kwargs: {}
2025-04-29 19:04:27,037 - TaskManager - INFO - Completed handle_update_task
2025-04-29 19:13:20,598 - TaskManager - INFO - Executing handle_add_task with args: (<MagicMock id='1757634886640'>,), kwargs: {}
2025-04-29 19:13:20,598 - TaskManager - INFO - Completed handle_add_task
2025-04-29 19:13:20,598 - TaskManager - INFO - Executing handle_delete_task with args: (<MagicMock id='1757635987360'>,), kwargs: {}
2025-04-29 19:13:20,598 - TaskManager - INFO - Completed handle_delete_task
2025-04-29 19:13:20,631 - TaskManager - INFO - Executing handle_export_tasks with args: (<MagicMock id='1757636390032'>,), kwargs: {}
2025-04-29 19:13:20,658 - TaskManager - INFO - Completed handle_export_tasks
2025-04-29 19:13:21,078 - TaskManager - INFO - Executing handle_get_task with args: (<MagicMock id='1757638222640'>,), kwargs: {}
2025-04-29 19:13:21,079 - TaskManager - INFO - Completed handle_get_task
2025-04-29 19:13:21,080 - TaskManager - INFO - Executing handle_get_task with args: (<MagicMock id='1757634880112'>,), kwargs: {}
2025-04-29 19:13:21,080 - TaskManager - INFO - Completed handle_get_task
2025-04-29 19:13:21,083 - TaskManager - INFO - Executing handle_list_tasks with args: (<MagicMock id='1757638201552'>,), kwargs: {}
2025-04-29 19:13:21,084 - TaskManager - INFO - Completed handle_list_tasks
2025-04-29 19:13:21,084 - TaskManager - INFO - Executing handle_list_tasks with args: (<MagicMock id='1757638225856'>,), kwargs: {}
2025-04-29 19:13:21,084 - TaskManager - INFO - Completed handle_list_tasks
2025-04-29 19:13:21,084 - TaskManager - INFO - Executing handle_update_task with args: (<MagicMock id='1757638212640'>,), kwargs: {}
2025-04-29 19:13:21,084 - TaskManager - INFO - Completed handle_update_task
2025-04-29 19:13:37,486 - TaskManager - INFO - Executing handle_add_task with args: (<MagicMock id='2799436284656'>,), kwargs: {}
2025-04-29 19:13:37,488 - TaskManager - INFO - Completed handle_add_task
2025-04-29 19:13:37,490 - TaskManager - INFO - Executing handle_delete_task with args: (<MagicMock id='2799435842912'>,), kwargs: {}
2025-04-29 19:13:37,491 - TaskManager - INFO - Completed handle_delete_task
2025-04-29 19:13:37,516 - TaskManager - INFO - Executing handle_export_tasks with args: (<MagicMock id='2799436298816'>,), kwargs: {}
2025-04-29 19:13:37,517 - TaskManager - INFO - Completed handle_export_tasks
2025-04-29 19:13:37,658 - TaskManager - INFO - Executing handle_get_task with args: (<MagicMock id='2799436797408'>,), kwargs: {}
2025-04-29 19:13:37,658 - TaskManager - INFO - Completed handle_get_task
2025-04-29 19:13:37,660 - TaskManager - INFO - Executing handle_get_task with args: (<MagicMock id='2799436877168'>,), kwargs: {}
2025-04-29 19:13:37,660 - TaskManager - INFO - Completed handle_get_task
2025-04-29 19:13:37,662 - TaskManager - INFO - Executing handle_list_tasks with args: (<MagicMock id='2799436956880'>,), kwargs: {}
2025-04-29 19:13:37,662 - TaskManager - INFO - Completed handle_list_tasks
2025-04-29 19:13:37,664 - TaskManager - INFO - Executing handle_list_tasks with args: (<MagicMock id='2799437011216'>,), kwargs: {}
2025-04-29 19:13:37,664 - TaskManager - INFO - Completed handle_list_tasks
2025-04-29 19:13:37,666 - TaskManager - INFO - Executing handle_update_task with args: (<MagicMock id='2799437095248'>,), kwargs: {}
2025-04-29 19:13:37,666 - TaskManager - INFO - Completed handle_update_task
2025-04-29 19:14:52,176 - TaskManager - INFO - Executing handle_add_task with args: (<MagicMock id='2249685959504'>,), kwargs: {}
2025-04-29 19:14:52,179 - TaskManager - INFO - Completed handle_add_task
2025-04-29 19:14:52,182 - TaskManager - INFO - Executing handle_delete_task with args: (<MagicMock id='2249685517808'>,), kwargs: {}
2025-04-29 19:14:52,182 - TaskManager - INFO - Completed handle_delete_task
2025-04-29 19:14:52,202 - TaskManager - INFO - Executing handle_export_tasks with args: (<MagicMock id='2249685921392'>,), kwargs: {}
2025-04-29 19:14:52,202 - TaskManager - INFO - Completed handle_export_tasks
2025-04-29 19:14:52,365 - TaskManager - INFO - Executing handle_get_task with args: (<MagicMock id='2249686409552'>,), kwargs: {}
2025-04-29 19:14:52,365 - TaskManager - INFO - Completed handle_get_task
2025-04-29 19:14:52,381 - TaskManager - INFO - Executing handle_get_task with args: (<MagicMock id='2249687357520'>,), kwargs: {}
2025-04-29 19:14:52,381 - TaskManager - INFO - Completed handle_get_task
2025-04-29 19:14:52,381 - TaskManager - INFO - Executing handle_list_tasks with args: (<MagicMock id='2249687748480'>,), kwargs: {}
2025-04-29 19:14:52,381 - TaskManager - INFO - Completed handle_list_tasks
2025-04-29 19:14:52,381 - TaskManager - INFO - Executing handle_list_tasks with args: (<MagicMock id='2249686414112'>,), kwargs: {}
2025-04-29 19:14:52,381 - TaskManager - INFO - Completed handle_list_tasks
2025-04-29 19:14:52,381 - TaskManager - INFO - Executing handle_update_task with args: (<MagicMock id='2249687759616'>,), kwargs: {}
2025-04-29 19:14:52,381 - TaskManager - INFO - Completed handle_update_task
2025-04-29 19:15:20,524 - TaskManager - INFO - Executing handle_add_task with args: (<MagicMock id='2846241062448'>,), kwargs: {}
2025-04-29 19:15:20,524 - TaskManager - INFO - Completed handle_add_task
2025-04-29 19:15:20,524 - TaskManager - INFO - Executing handle_delete_task with args: (<MagicMock id='2846242162016'>,), kwargs: {}
2025-04-29 19:15:20,524 - TaskManager - INFO - Completed handle_delete_task
2025-04-29 19:15:20,861 - TaskManager - INFO - Executing handle_get_task with args: (<MagicMock id='2846243195696'>,), kwargs: {}
2025-04-29 19:15:20,861 - TaskManager - INFO - Completed handle_get_task
2025-04-29 19:15:20,878 - TaskManager - INFO - Executing handle_get_task with args: (<MagicMock id='2846243160576'>,), kwargs: {}
2025-04-29 19:15:20,878 - TaskManager - INFO - Completed handle_get_task
2025-04-29 19:15:20,878 - TaskManager - INFO - Executing handle_list_tasks with args: (<MagicMock id='2846243108864'>,), kwargs: {}
2025-04-29 19:15:20,878 - TaskManager - INFO - Completed handle_list_tasks
2025-04-29 19:15:20,878 - TaskManager - INFO - Executing handle_list_tasks with args: (<MagicMock id='2846243294576'>,), kwargs: {}
2025-04-29 19:15:20,878 - TaskManager - INFO - Completed handle_list_tasks
2025-04-29 19:15:20,878 - TaskManager - INFO - Executing handle_update_task with args: (<MagicMock id='2846243378512'>,), kwargs: {}
2025-04-29 19:15:20,878 - TaskManager - INFO - Completed handle_update_task
2025-04-29 19:16:05,444 - TaskManager - INFO - Executing handle_add_task with args: (<MagicMock id='2064570236656'>,), kwargs: {}
2025-04-29 19:16:05,444 - TaskManager - INFO - Completed handle_add_task
2025-04-29 19:16:05,444 - TaskManager - INFO - Executing handle_delete_task with args: (<MagicMock id='2064483165888'>,), kwargs: {}
2025-04-29 19:16:05,444 - TaskManager - INFO - Completed handle_delete_task
2025-04-29 19:16:05,484 - TaskManager - INFO - Executing handle_export_tasks with args: (<MagicMock id='2064570226672'>,), kwargs: {}
2025-04-29 19:16:05,657 - TaskManager - INFO - Executing handle_get_task with args: (<MagicMock id='2064570923824'>,), kwargs: {}
2025-04-29 19:16:05,657 - TaskManager - INFO - Completed handle_get_task
2025-04-29 19:16:05,657 - TaskManager - INFO - Executing handle_get_task with args: (<MagicMock id='2064562676144'>,), kwargs: {}
2025-04-29 19:16:05,657 - TaskManager - INFO - Completed handle_get_task
2025-04-29 19:16:05,657 - TaskManager - INFO - Executing handle_list_tasks with args: (<MagicMock id='2064570804480'>,), kwargs: {}
2025-04-29 19:16:05,657 - TaskManager - INFO - Completed handle_list_tasks
2025-04-29 19:16:05,672 - TaskManager - INFO - Executing handle_list_tasks with args: (<MagicMock id='2064571059568'>,), kwargs: {}
2025-04-29 19:16:05,672 - TaskManager - INFO - Completed handle_list_tasks
2025-04-29 19:16:05,672 - TaskManager - INFO - Executing handle_update_task with args: (<MagicMock id='2064571172576'>,), kwargs: {}
2025-04-29 19:16:05,672 - TaskManager - INFO - Completed handle_update_task
2025-04-29 19:16:37,979 - TaskManager - INFO - Executing handle_add_task with args: (<MagicMock id='2183574044400'>,), kwargs: {}
2025-04-29 19:16:37,995 - TaskManager - INFO - Completed handle_add_task
2025-04-29 19:16:37,995 - TaskManager - INFO - Executing handle_delete_task with args: (<MagicMock id='2183572912704'>,), kwargs: {}
2025-04-29 19:16:37,995 - TaskManager - INFO - Completed handle_delete_task
2025-04-29 19:16:38,041 - TaskManager - INFO - Executing handle_export_tasks with args: (<MagicMock id='2183574037824'>,), kwargs: {}
2025-04-29 19:16:38,421 - TaskManager - INFO - Executing handle_get_task with args: (<MagicMock id='2183574796576'>,), kwargs: {}
2025-04-29 19:16:38,432 - TaskManager - INFO - Completed handle_get_task
2025-04-29 19:16:38,435 - TaskManager - INFO - Executing handle_get_task with args: (<MagicMock id='2183574843424'>,), kwargs: {}
2025-04-29 19:16:38,435 - TaskManager - INFO - Completed handle_get_task
2025-04-29 19:16:38,445 - TaskManager - INFO - Executing handle_list_tasks with args: (<MagicMock id='2183574628176'>,), kwargs: {}
2025-04-29 19:16:38,447 - TaskManager - INFO - Completed handle_list_tasks
2025-04-29 19:16:38,451 - TaskManager - INFO - Executing handle_list_tasks with args: (<MagicMock id='2183574866784'>,), kwargs: {}
2025-04-29 19:16:38,451 - TaskManager - INFO - Completed handle_list_tasks
2025-04-29 19:16:38,451 - TaskManager - INFO - Executing handle_update_task with args: (<MagicMock id='2183574979696'>,), kwargs: {}
2025-04-29 19:16:38,451 - TaskManager - INFO - Completed handle_update_task
2025-04-29 19:26:24,401 - TaskManager - INFO - Executing handle_add_task with args: (<MagicMock id='2197508847664'>,), kwargs: {}
2025-04-29 19:26:24,404 - TaskManager - INFO - Completed handle_add_task
2025-04-29 19:26:24,406 - TaskManager - INFO - Executing handle_delete_task with args: (<MagicMock id='2197509950208'>,), kwargs: {}
2025-04-29 19:26:24,407 - TaskManager - INFO - Completed handle_delete_task
2025-04-29 19:26:24,613 - TaskManager - INFO - Executing handle_get_task with args: (<MagicMock id='2197511006320'>,), kwargs: {}
2025-04-29 19:26:24,613 - TaskManager - INFO - Completed handle_get_task
2025-04-29 19:26:24,613 - TaskManager - INFO - Executing handle_get_task with args: (<MagicMock id='2197510954720'>,), kwargs: {}
2025-04-29 19:26:24,613 - TaskManager - INFO - Completed handle_get_task
2025-04-29 19:26:24,628 - TaskManager - INFO - Executing handle_list_tasks with args: (<MagicMock id='2197511034336'>,), kwargs: {}
2025-04-29 19:26:24,628 - TaskManager - INFO - Completed handle_list_tasks
2025-04-29 19:26:24,628 - TaskManager - INFO - Executing handle_list_tasks with args: (<MagicMock id='2197511105200'>,), kwargs: {}
2025-04-29 19:26:24,628 - TaskManager - INFO - Completed handle_list_tasks
2025-04-29 19:26:24,628 - TaskManager - INFO - Executing handle_update_task with args: (<MagicMock id='2197511156416'>,), kwargs: {}
2025-04-29 19:26:24,628 - TaskManager - INFO - Completed handle_update_task
2025-04-29 19:27:29,194 - TaskManager - INFO - Executing handle_add_task with args: (<MagicMock id='2437597528528'>,), kwargs: {}
2025-04-29 19:27:29,198 - TaskManager - INFO - Completed handle_add_task
2025-04-29 19:27:29,201 - TaskManager - INFO - Executing handle_delete_task with args: (<MagicMock id='2437597088272'>,), kwargs: {}
2025-04-29 19:27:29,201 - TaskManager - INFO - Completed handle_delete_task
2025-04-29 19:27:29,489 - TaskManager - INFO - Executing handle_get_task with args: (<MagicMock id='2437598004720'>,), kwargs: {}
2025-04-29 19:27:29,489 - TaskManager - INFO - Completed handle_get_task
2025-04-29 19:27:29,492 - TaskManager - INFO - Executing handle_get_task with args: (<MagicMock id='2437598101040'>,), kwargs: {}
2025-04-29 19:27:29,492 - TaskManager - INFO - Completed handle_get_task
2025-04-29 19:27:29,495 - TaskManager - INFO - Executing handle_list_tasks with args: (<MagicMock id='2437598180416'>,), kwargs: {}
2025-04-29 19:27:29,495 - TaskManager - INFO - Completed handle_list_tasks
2025-04-29 19:27:29,498 - TaskManager - INFO - Executing handle_list_tasks with args: (<MagicMock id='2437598267728'>,), kwargs: {}
2025-04-29 19:27:29,500 - TaskManager - INFO - Completed handle_list_tasks
2025-04-29 19:27:29,502 - TaskManager - INFO - Executing handle_update_task with args: (<MagicMock id='2437598319088'>,), kwargs: {}
2025-04-29 19:27:29,503 - TaskManager - INFO - Completed handle_update_task
2025-04-29 19:28:43,346 - TaskManager - INFO - Executing handle_add_task with args: (<MagicMock id='1266411209408'>,), kwargs: {}
2025-04-29 19:28:43,348 - TaskManager - INFO - Completed handle_add_task
2025-04-29 19:28:43,352 - TaskManager - INFO - Executing handle_delete_task with args: (<MagicMock id='1266410767760'>,), kwargs: {}
2025-04-29 19:28:43,352 - TaskManager - INFO - Completed handle_delete_task
2025-04-29 19:28:43,501 - TaskManager - INFO - Executing handle_get_task with args: (<MagicMock id='1266411818016'>,), kwargs: {}
2025-04-29 19:28:43,501 - TaskManager - INFO - Completed handle_get_task
2025-04-29 19:28:43,501 - TaskManager - INFO - Executing handle_get_task with args: (<MagicMock id='1266411766512'>,), kwargs: {}
2025-04-29 19:28:43,501 - TaskManager - INFO - Completed handle_get_task
2025-04-29 19:28:43,501 - TaskManager - INFO - Executing handle_list_tasks with args: (<MagicMock id='1266411813248'>,), kwargs: {}
2025-04-29 19:28:43,501 - TaskManager - INFO - Completed handle_list_tasks
2025-04-29 19:28:43,501 - TaskManager - INFO - Executing handle_list_tasks with args: (<MagicMock id='1266411900464'>,), kwargs: {}
2025-04-29 19:28:43,501 - TaskManager - INFO - Completed handle_list_tasks
2025-04-29 19:28:43,516 - TaskManager - INFO - Executing handle_update_task with args: (<MagicMock id='1266323987664'>,), kwargs: {}
2025-04-29 19:28:43,516 - TaskManager - INFO - Completed handle_update_task
2025-04-29 19:29:19,938 - TaskManager - INFO - Executing handle_add_task with args: (<MagicMock id='2739932464240'>,), kwargs: {}
2025-04-29 19:29:19,940 - TaskManager - INFO - Completed handle_add_task
2025-04-29 19:29:19,942 - TaskManager - INFO - Executing handle_delete_task with args: (<MagicMock id='2739932542448'>,), kwargs: {}
2025-04-29 19:29:19,944 - TaskManager - INFO - Completed handle_delete_task
2025-04-29 19:29:20,152 - TaskManager - INFO - Executing handle_get_task with args: (<MagicMock id='2739932007936'>,), kwargs: {}
2025-04-29 19:29:20,152 - TaskManager - INFO - Completed handle_get_task
2025-04-29 19:29:20,152 - TaskManager - INFO - Executing handle_get_task with args: (<MagicMock id='2739933087120'>,), kwargs: {}
2025-04-29 19:29:20,152 - TaskManager - INFO - Completed handle_get_task
2025-04-29 19:29:20,152 - TaskManager - INFO - Executing handle_list_tasks with args: (<MagicMock id='2739933150336'>,), kwargs: {}
2025-04-29 19:29:20,152 - TaskManager - INFO - Completed handle_list_tasks
2025-04-29 19:29:20,152 - TaskManager - INFO - Executing handle_list_tasks with args: (<MagicMock id='2739933159616'>,), kwargs: {}
2025-04-29 19:29:20,152 - TaskManager - INFO - Completed handle_list_tasks
2025-04-29 19:29:20,152 - TaskManager - INFO - Executing handle_update_task with args: (<MagicMock id='2739933305344'>,), kwargs: {}
2025-04-29 19:29:20,152 - TaskManager - INFO - Completed handle_update_task
2025-04-29 19:29:34,568 - TaskManager - INFO - Executing handle_add_task with args: (<MagicMock id='1862117327648'>,), kwargs: {}
2025-04-29 19:29:34,568 - TaskManager - INFO - Completed handle_add_task
2025-04-29 19:29:34,568 - TaskManager - INFO - Executing handle_delete_task with args: (<MagicMock id='1862109651328'>,), kwargs: {}
2025-04-29 19:29:34,568 - TaskManager - INFO - Completed handle_delete_task
2025-04-29 19:29:34,732 - TaskManager - INFO - Executing handle_get_task with args: (<MagicMock id='1862117936112'>,), kwargs: {}
2025-04-29 19:29:34,732 - TaskManager - INFO - Completed handle_get_task
2025-04-29 19:29:34,732 - TaskManager - INFO - Executing handle_get_task with args: (<MagicMock id='1862115260704'>,), kwargs: {}
2025-04-29 19:29:34,732 - TaskManager - INFO - Completed handle_get_task
2025-04-29 19:29:34,732 - TaskManager - INFO - Executing handle_list_tasks with args: (<MagicMock id='1862117931200'>,), kwargs: {}
2025-04-29 19:29:34,732 - TaskManager - INFO - Completed handle_list_tasks
2025-04-29 19:29:34,732 - TaskManager - INFO - Executing handle_list_tasks with args: (<MagicMock id='1862118022448'>,), kwargs: {}
2025-04-29 19:29:34,732 - TaskManager - INFO - Completed handle_list_tasks
2025-04-29 19:29:34,732 - TaskManager - INFO - Executing handle_update_task with args: (<MagicMock id='1862115957968'>,), kwargs: {}
2025-04-29 19:29:34,732 - TaskManager - INFO - Completed handle_update_task
2025-04-29 19:34:00,044 - TaskManager - INFO - Executing handle_add_task with args: (<MagicMock id='2503072383584'>,), kwargs: {}
2025-04-29 19:34:00,048 - TaskManager - INFO - Completed handle_add_task
2025-04-29 19:34:00,052 - TaskManager - INFO - Executing handle_delete_task with args: (<MagicMock id='2503071925360'>,), kwargs: {}
2025-04-29 19:34:00,053 - TaskManager - INFO - Completed handle_delete_task
2025-04-29 19:34:00,082 - TaskManager - INFO - Executing handle_export_tasks with args: (<MagicMock id='2503072413024'>,), kwargs: {}
2025-04-29 19:34:00,087 - TaskManager - INFO - Completed handle_export_tasks
2025-04-29 19:34:00,257 - TaskManager - INFO - Executing handle_get_task with args: (<MagicMock id='2503072463232'>,), kwargs: {}
2025-04-29 19:34:00,257 - TaskManager - INFO - Completed handle_get_task
2025-04-29 19:34:00,257 - TaskManager - INFO - Executing handle_get_task with args: (<MagicMock id='2503072936160'>,), kwargs: {}
2025-04-29 19:34:00,257 - TaskManager - INFO - Completed handle_get_task
2025-04-29 19:34:00,257 - TaskManager - INFO - Executing handle_list_tasks with args: (<MagicMock id='2503073032208'>,), kwargs: {}
2025-04-29 19:34:00,257 - TaskManager - INFO - Completed handle_list_tasks
2025-04-29 19:34:00,257 - TaskManager - INFO - Executing handle_list_tasks with args: (<MagicMock id='2503074057248'>,), kwargs: {}
2025-04-29 19:34:00,257 - TaskManager - INFO - Completed handle_list_tasks
2025-04-29 19:34:00,257 - TaskManager - INFO - Executing handle_update_task with args: (<MagicMock id='2503073645872'>,), kwargs: {}
2025-04-29 19:34:00,257 - TaskManager - INFO - Completed handle_update_task
2025-04-29 19:37:18,276 - TaskManager - INFO - Executing handle_add_task with args: (<MagicMock id='2135168680976'>,), kwargs: {}
2025-04-29 19:37:18,278 - TaskManager - INFO - Completed handle_add_task
2025-04-29 19:37:18,278 - TaskManager - INFO - Executing handle_delete_task with args: (<MagicMock id='2135168239472'>,), kwargs: {}
2025-04-29 19:37:18,278 - TaskManager - INFO - Completed handle_delete_task
2025-04-29 19:37:18,314 - TaskManager - INFO - Executing handle_export_tasks with args: (<MagicMock id='2135168710176'>,), kwargs: {}
2025-04-29 19:37:18,315 - TaskManager - INFO - Completed handle_export_tasks
2025-04-29 19:37:18,320 - TaskManager - INFO - Executing handle_get_task with args: (<MagicMock id='2135168778064'>,), kwargs: {}
2025-04-29 19:37:18,320 - TaskManager - INFO - Completed handle_get_task
2025-04-29 19:37:18,322 - TaskManager - INFO - Executing handle_get_task with args: (<MagicMock id='2135168841104'>,), kwargs: {}
2025-04-29 19:37:18,322 - TaskManager - INFO - Completed handle_get_task
2025-04-29 19:37:18,322 - TaskManager - INFO - Executing handle_list_tasks with args: (<MagicMock id='2135168841008'>,), kwargs: {}
2025-04-29 19:37:18,322 - TaskManager - INFO - Completed handle_list_tasks
2025-04-29 19:37:18,327 - TaskManager - INFO - Executing handle_list_tasks with args: (<MagicMock id='2135168967664'>,), kwargs: {}
2025-04-29 19:37:18,327 - TaskManager - INFO - Completed handle_list_tasks
2025-04-29 19:37:18,328 - TaskManager - INFO - Executing handle_update_task with args: (<MagicMock id='2135169039248'>,), kwargs: {}
2025-04-29 19:37:18,328 - TaskManager - INFO - Completed handle_update_task
2025-04-30 14:59:05,580 - TaskManager - INFO - Executing handle_add_task with args: (<MagicMock id='1599078041312'>,), kwargs: {}
2025-04-30 14:59:05,580 - TaskManager - INFO - Completed handle_add_task
2025-04-30 14:59:05,580 - TaskManager - INFO - Executing handle_delete_task with args: (<MagicMock id='1599078058176'>,), kwargs: {}
2025-04-30 14:59:05,580 - TaskManager - INFO - Completed handle_delete_task
2025-04-30 14:59:05,622 - TaskManager - INFO - Executing handle_export_tasks with args: (<MagicMock id='1599078063552'>,), kwargs: {}
2025-04-30 14:59:05,622 - TaskManager - INFO - Completed handle_export_tasks
2025-04-30 14:59:05,830 - TaskManager - INFO - Executing handle_export_tasks with args: (<MagicMock id='1599078553008'>,), kwargs: {}
2025-04-30 14:59:05,830 - TaskManager - INFO - Completed handle_export_tasks
2025-04-30 14:59:05,830 - TaskManager - INFO - Executing handle_get_task with args: (<MagicMock id='1599078579568'>,), kwargs: {}
2025-04-30 14:59:05,830 - TaskManager - INFO - Completed handle_get_task
2025-04-30 14:59:05,830 - TaskManager - INFO - Executing handle_get_task with args: (<MagicMock id='1599078704496'>,), kwargs: {}
2025-04-30 14:59:05,830 - TaskManager - INFO - Completed handle_get_task
2025-04-30 14:59:05,830 - TaskManager - INFO - Executing handle_list_tasks with args: (<MagicMock id='1599078616528'>,), kwargs: {}
2025-04-30 14:59:05,830 - TaskManager - INFO - Completed handle_list_tasks
2025-04-30 14:59:05,842 - TaskManager - INFO - Executing handle_list_tasks with args: (<MagicMock id='1599078867616'>,), kwargs: {}
2025-04-30 14:59:05,842 - TaskManager - INFO - Completed handle_list_tasks
2025-04-30 14:59:05,842 - TaskManager - INFO - Executing handle_update_task with args: (<MagicMock id='1599078951408'>,), kwargs: {}
2025-04-30 14:59:05,842 - TaskManager - INFO - Completed handle_update_task
2025-04-30 15:02:21,449 - TaskManager - INFO - Executing handle_add_task with args: (<MagicMock id='2087612467920'>,), kwargs: {}
2025-04-30 15:02:21,449 - TaskManager - INFO - Completed handle_add_task
2025-04-30 15:02:21,449 - TaskManager - INFO - Executing handle_delete_task with args: (<MagicMock id='2087612517168'>,), kwargs: {}
2025-04-30 15:02:21,449 - TaskManager - INFO - Completed handle_delete_task
2025-04-30 15:02:21,503 - TaskManager - INFO - Executing handle_export_tasks with args: (<MagicMock id='2087612523552'>,), kwargs: {}
2025-04-30 15:02:21,759 - TaskManager - INFO - Executing handle_export_tasks with args: (<MagicMock id='2087613013344'>,), kwargs: {}
2025-04-30 15:02:21,759 - TaskManager - INFO - Completed handle_export_tasks
2025-04-30 15:02:21,776 - TaskManager - INFO - Executing handle_get_task with args: (<MagicMock id='2087613073312'>,), kwargs: {}
2025-04-30 15:02:21,776 - TaskManager - INFO - Completed handle_get_task
2025-04-30 15:02:21,776 - TaskManager - INFO - Executing handle_get_task with args: (<MagicMock id='2087613165216'>,), kwargs: {}
2025-04-30 15:02:21,776 - TaskManager - INFO - Completed handle_get_task
2025-04-30 15:02:21,776 - TaskManager - INFO - Executing handle_list_tasks with args: (<MagicMock id='2087614207744'>,), kwargs: {}
2025-04-30 15:02:21,776 - TaskManager - INFO - Completed handle_list_tasks
2025-04-30 15:02:21,776 - TaskManager - INFO - Executing handle_list_tasks with args: (<MagicMock id='2087614143936'>,), kwargs: {}
2025-04-30 15:02:21,776 - TaskManager - INFO - Completed handle_list_tasks
2025-04-30 15:02:21,776 - TaskManager - INFO - Executing handle_update_task with args: (<MagicMock id='2087614116688'>,), kwargs: {}
2025-04-30 15:02:21,776 - TaskManager - INFO - Completed handle_update_task
2025-04-30 15:04:10,383 - TaskManager - INFO - Executing handle_add_task with args: (<MagicMock id='2051500574672'>,), kwargs: {}
2025-04-30 15:04:10,384 - TaskManager - INFO - Completed handle_add_task
2025-04-30 15:04:10,387 - TaskManager - INFO - Executing handle_delete_task with args: (<MagicMock id='2051500607872'>,), kwargs: {}
2025-04-30 15:04:10,387 - TaskManager - INFO - Completed handle_delete_task
2025-04-30 15:04:10,411 - TaskManager - INFO - Executing handle_export_tasks with args: (<MagicMock id='2051500609456'>,), kwargs: {}
2025-04-30 15:04:10,411 - TaskManager - INFO - Executing handle_export_tasks with args: (<MagicMock id='2051500704928'>,), kwargs: {}
2025-04-30 15:04:10,411 - TaskManager - INFO - Completed handle_export_tasks
2025-04-30 15:04:10,411 - TaskManager - INFO - Executing handle_get_task with args: (<MagicMock id='2051499203936'>,), kwargs: {}
2025-04-30 15:04:10,411 - TaskManager - INFO - Completed handle_get_task
2025-04-30 15:04:10,411 - TaskManager - INFO - Executing handle_get_task with args: (<MagicMock id='2051500807408'>,), kwargs: {}
2025-04-30 15:04:10,411 - TaskManager - INFO - Completed handle_get_task
2025-04-30 15:04:10,411 - TaskManager - INFO - Executing handle_list_tasks with args: (<MagicMock id='2051500833872'>,), kwargs: {}
2025-04-30 15:04:10,411 - TaskManager - INFO - Completed handle_list_tasks
2025-04-30 15:04:10,411 - TaskManager - INFO - Executing handle_list_tasks with args: (<MagicMock id='2051500933776'>,), kwargs: {}
2025-04-30 15:04:10,411 - TaskManager - INFO - Completed handle_list_tasks
2025-04-30 15:04:10,411 - TaskManager - INFO - Executing handle_update_task with args: (<MagicMock id='2051499196592'>,), kwargs: {}
2025-04-30 15:04:10,411 - TaskManager - INFO - Completed handle_update_task
2025-04-30 15:32:08,291 - TaskManager - INFO - Executing handle_add_task with args: (<MagicMock id='2792998669296'>,), kwargs: {}
2025-04-30 15:32:08,293 - TaskManager - INFO - Completed handle_add_task
2025-04-30 15:32:08,296 - TaskManager - INFO - Executing handle_delete_task with args: (<MagicMock id='2793000173936'>,), kwargs: {}
2025-04-30 15:32:08,296 - TaskManager - INFO - Completed handle_delete_task
2025-04-30 15:32:08,299 - TaskManager - INFO - Executing handle_export_tasks with args: (<MagicMock id='2793000123232'>,), kwargs: {}
2025-04-30 15:32:08,332 - TaskManager - INFO - Executing handle_export_tasks with args: (<MagicMock id='2792999990912'>,), kwargs: {}
2025-04-30 15:32:08,332 - TaskManager - INFO - Completed handle_export_tasks
2025-04-30 15:32:08,334 - TaskManager - INFO - Executing handle_get_task with args: (<MagicMock id='2792999990720'>,), kwargs: {}
2025-04-30 15:32:08,334 - TaskManager - INFO - Completed handle_get_task
2025-04-30 15:32:08,336 - TaskManager - INFO - Executing handle_get_task with args: (<MagicMock id='2793000248400'>,), kwargs: {}
2025-04-30 15:32:08,336 - TaskManager - INFO - Completed handle_get_task
2025-04-30 15:32:08,337 - TaskManager - INFO - Executing handle_list_tasks with args: (<MagicMock id='2793000307744'>,), kwargs: {}
2025-04-30 15:32:08,337 - TaskManager - INFO - Completed handle_list_tasks
2025-04-30 15:32:08,337 - TaskManager - INFO - Executing handle_list_tasks with args: (<MagicMock id='2793000358384'>,), kwargs: {}
2025-04-30 15:32:08,340 - TaskManager - INFO - Completed handle_list_tasks
2025-04-30 15:32:08,343 - TaskManager - INFO - Executing handle_update_task with args: (<MagicMock id='2793000446160'>,), kwargs: {}
2025-04-30 15:32:08,343 - TaskManager - INFO - Completed handle_update_task
2025-04-30 15:32:34,404 - TaskManager - INFO - Executing handle_add_task with args: (<MagicMock id='2355066342960'>,), kwargs: {}
2025-04-30 15:32:34,405 - TaskManager - INFO - Completed handle_add_task
2025-04-30 15:32:34,408 - TaskManager - INFO - Executing handle_delete_task with args: (<MagicMock id='2355066407728'>,), kwargs: {}
2025-04-30 15:32:34,409 - TaskManager - INFO - Completed handle_delete_task
2025-04-30 15:32:34,433 - TaskManager - INFO - Executing handle_export_tasks with args: (<MagicMock id='2355066414160'>,), kwargs: {}
2025-04-30 15:32:34,433 - TaskManager - INFO - Executing handle_export_tasks with args: (<MagicMock id='2355066473120'>,), kwargs: {}
2025-04-30 15:32:34,433 - TaskManager - INFO - Completed handle_export_tasks
2025-04-30 15:32:34,433 - TaskManager - INFO - Executing handle_get_task with args: (<MagicMock id='2354979185888'>,), kwargs: {}
2025-04-30 15:32:34,433 - TaskManager - INFO - Completed handle_get_task
2025-04-30 15:32:34,433 - TaskManager - INFO - Executing handle_get_task with args: (<MagicMock id='2355066592128'>,), kwargs: {}
2025-04-30 15:32:34,433 - TaskManager - INFO - Completed handle_get_task
2025-04-30 15:32:34,433 - TaskManager - INFO - Executing handle_list_tasks with args: (<MagicMock id='2355066635136'>,), kwargs: {}
2025-04-30 15:32:34,433 - TaskManager - INFO - Completed handle_list_tasks
2025-04-30 15:32:34,433 - TaskManager - INFO - Executing handle_list_tasks with args: (<MagicMock id='2355066706288'>,), kwargs: {}
2025-04-30 15:32:34,433 - TaskManager - INFO - Completed handle_list_tasks
2025-04-30 15:32:34,433 - TaskManager - INFO - Executing handle_update_task with args: (<MagicMock id='2355066790080'>,), kwargs: {}
2025-04-30 15:32:34,448 - TaskManager - INFO - Completed handle_update_task
2025-04-30 16:51:28,147 - TaskManager - INFO - Executing handle_add_task with args: (<MagicMock id='2748272332288'>,), kwargs: {}
2025-04-30 16:51:28,147 - TaskManager - INFO - Completed handle_add_task
2025-04-30 16:51:28,147 - TaskManager - INFO - Executing handle_delete_task with args: (<MagicMock id='2748272380768'>,), kwargs: {}
2025-04-30 16:51:28,147 - TaskManager - INFO - Completed handle_delete_task
2025-04-30 16:51:28,192 - TaskManager - INFO - Executing handle_export_tasks with args: (<MagicMock id='2748272387152'>,), kwargs: {}
2025-04-30 16:51:28,195 - TaskManager - INFO - Executing handle_export_tasks with args: (<MagicMock id='2748272463072'>,), kwargs: {}
2025-04-30 16:51:28,195 - TaskManager - INFO - Completed handle_export_tasks
2025-04-30 16:51:28,199 - TaskManager - INFO - Executing handle_get_task with args: (<MagicMock id='2748272489584'>,), kwargs: {}
2025-04-30 16:51:28,199 - TaskManager - INFO - Completed handle_get_task
2025-04-30 16:51:28,199 - TaskManager - INFO - Executing handle_get_task with args: (<MagicMock id='2748272565456'>,), kwargs: {}
2025-04-30 16:51:28,199 - TaskManager - INFO - Completed handle_get_task
2025-04-30 16:51:28,199 - TaskManager - INFO - Executing handle_list_tasks with args: (<MagicMock id='2748272608512'>,), kwargs: {}
2025-04-30 16:51:28,199 - TaskManager - INFO - Completed handle_list_tasks
2025-04-30 16:51:28,199 - TaskManager - INFO - Executing handle_list_tasks with args: (<MagicMock id='2748272692016'>,), kwargs: {}
2025-04-30 16:51:28,199 - TaskManager - INFO - Completed handle_list_tasks
2025-04-30 16:51:28,199 - TaskManager - INFO - Executing handle_update_task with args: (<MagicMock id='2748272779840'>,), kwargs: {}
2025-04-30 16:51:28,199 - TaskManager - INFO - Completed handle_update_task
2025-04-30 16:52:02,916 - TaskManager - INFO - Executing handle_add_task with args: (<MagicMock id='2249534854096'>,), kwargs: {}
2025-04-30 16:52:02,916 - TaskManager - INFO - Completed handle_add_task
2025-04-30 16:52:02,928 - TaskManager - INFO - Executing handle_delete_task with args: (<MagicMock id='2249534964800'>,), kwargs: {}
2025-04-30 16:52:02,928 - TaskManager - INFO - Completed handle_delete_task
2025-04-30 16:52:02,934 - TaskManager - INFO - Executing handle_export_tasks with args: (<MagicMock id='2249534914048'>,), kwargs: {}
2025-04-30 16:52:02,981 - TaskManager - INFO - Executing handle_export_tasks with args: (<MagicMock id='2249534781440'>,), kwargs: {}
2025-04-30 16:52:02,981 - TaskManager - INFO - Completed handle_export_tasks
2025-04-30 16:52:02,984 - TaskManager - INFO - Executing handle_get_task with args: (<MagicMock id='2249534968880'>,), kwargs: {}
2025-04-30 16:52:02,987 - TaskManager - INFO - Completed handle_get_task
2025-04-30 16:52:02,988 - TaskManager - INFO - Executing handle_get_task with args: (<MagicMock id='2249535039648'>,), kwargs: {}
2025-04-30 16:52:02,988 - TaskManager - INFO - Completed handle_get_task
2025-04-30 16:52:02,988 - TaskManager - INFO - Executing handle_list_tasks with args: (<MagicMock id='2249535099136'>,), kwargs: {}
2025-04-30 16:52:02,988 - TaskManager - INFO - Completed handle_list_tasks
2025-04-30 16:52:02,988 - TaskManager - INFO - Executing handle_list_tasks with args: (<MagicMock id='2249535153952'>,), kwargs: {}
2025-04-30 16:52:02,988 - TaskManager - INFO - Completed handle_list_tasks
2025-04-30 16:52:03,001 - TaskManager - INFO - Executing handle_update_task with args: (<MagicMock id='2249535221360'>,), kwargs: {}
2025-04-30 16:52:03,001 - TaskManager - INFO - Completed handle_update_task
2025-04-30 16:54:00,829 - TaskManager - INFO - Executing handle_add_task with args: (<MagicMock id='2185023115760'>,), kwargs: {}
2025-04-30 16:54:00,831 - TaskManager - INFO - Completed handle_add_task
2025-04-30 16:54:00,833 - TaskManager - INFO - Executing handle_delete_task with args: (<MagicMock id='2185023226800'>,), kwargs: {}
2025-04-30 16:54:00,833 - TaskManager - INFO - Completed handle_delete_task
2025-04-30 16:54:00,836 - TaskManager - INFO - Executing handle_export_tasks with args: (<MagicMock id='2185023175952'>,), kwargs: {}
2025-04-30 16:54:00,874 - TaskManager - INFO - Executing handle_export_tasks with args: (<MagicMock id='2185023043776'>,), kwargs: {}
2025-04-30 16:54:00,874 - TaskManager - INFO - Completed handle_export_tasks
2025-04-30 16:54:00,874 - TaskManager - INFO - Executing handle_get_task with args: (<MagicMock id='2185023043584'>,), kwargs: {}
2025-04-30 16:54:00,874 - TaskManager - INFO - Completed handle_get_task
2025-04-30 16:54:00,880 - TaskManager - INFO - Executing handle_get_task with args: (<MagicMock id='2185023301648'>,), kwargs: {}
2025-04-30 16:54:00,880 - TaskManager - INFO - Completed handle_get_task
2025-04-30 16:54:00,880 - TaskManager - INFO - Executing handle_list_tasks with args: (<MagicMock id='2185023361088'>,), kwargs: {}
2025-04-30 16:54:00,880 - TaskManager - INFO - Completed handle_list_tasks
2025-04-30 16:54:00,880 - TaskManager - INFO - Executing handle_list_tasks with args: (<MagicMock id='2185023415760'>,), kwargs: {}
2025-04-30 16:54:00,880 - TaskManager - INFO - Completed handle_list_tasks
2025-04-30 16:54:00,880 - TaskManager - INFO - Executing handle_update_task with args: (<MagicMock id='2185023483216'>,), kwargs: {}
2025-04-30 16:54:00,880 - TaskManager - INFO - Completed handle_update_task
