2025-04-24 10:00:34,025 - TaskManager - INFO - Executing handle_add_task with args: (Namespace(command='add', title='ï¿½ï¿½ï¿½ï¿½ï¿½ï¿½ï¿½ï¿½ï¿½', description='ï¿½ï¿½ï¿½ï¿½ï¿½ï¿½ï¿½ï¿½ ï¿½ï¿½ï¿½ ï¿½ï¿½ï¿½ï¿½ï¿½ï¿½ï¿½ï¿½ï¿½', storage_type='jsonfile', deadline=None, func=<function handle_add_task at 0x000001F30CF55260>),), kwargs: {}
2025-04-24 10:00:34,057 - TaskManager - INFO - Completed handle_add_task
2025-04-24 10:01:20,958 - TaskManager - INFO - Executing handle_add_task with args: (Namespace(command='add', title='ï¿½ï¿½ï¿½ï¿½ï¿½ï¿½ï¿½ï¿½ï¿½', description='ï¿½ï¿½ï¿½ï¿½ï¿½ï¿½ï¿½ï¿½ ï¿½ï¿½ï¿½ ï¿½ï¿½ï¿½ï¿½ï¿½ï¿½ï¿½ï¿½ï¿½', storage_type='sqlite', deadline=None, func=<function handle_add_task at 0x00000134B41198A0>),), kwargs: {}
2025-04-24 10:01:20,987 - TaskManager - INFO - Completed handle_add_task
2025-04-24 10:03:02,533 - TaskManager - INFO - Executing handle_list_tasks with args: (Namespace(command='list', storage_type='sqlite', func=<function handle_list_tasks at 0x000002077C9E8D60>),), kwargs: {}
2025-04-24 10:03:02,533 - TaskManager - INFO - Completed handle_list_tasks
2025-04-24 10:04:16,320 - TaskManager - INFO - Executing handle_delete_task with args: (Namespace(command='delete', task_id='bba41f98-691b-447e-b588-a31173c34486', storage_type='jsonfile', func=<function handle_delete_task at 0x0000017577ED8C20>),), kwargs: {}
2025-04-24 10:04:16,336 - TaskManager - INFO - Completed handle_delete_task
2025-04-24 11:06:14,878 - TaskManager - INFO - Executing handle_list_tasks with args: (Namespace(command='list', storage_type='jsonfile', status='completed', deadline=None, func=<function handle_list_tasks at 0x000002A840049120>),), kwargs: {}
2025-04-24 11:06:14,878 - TaskManager - INFO - Completed handle_list_tasks
2025-04-24 11:06:31,039 - TaskManager - INFO - Executing handle_list_tasks with args: (Namespace(command='list', storage_type='jsonfile', status='pending', deadline=None, func=<function handle_list_tasks at 0x000001D64AB99120>),), kwargs: {}
2025-04-24 11:06:31,039 - TaskManager - INFO - Completed handle_list_tasks
2025-04-24 11:06:46,400 - TaskManager - INFO - Executing handle_list_tasks with args: (Namespace(command='list', storage_type='jsonfile', status=None, deadline=None, func=<function handle_list_tasks at 0x000001B37F919120>),), kwargs: {}
2025-04-24 11:06:46,400 - TaskManager - INFO - Completed handle_list_tasks
2025-04-24 11:07:12,695 - TaskManager - INFO - Executing handle_list_tasks with args: (Namespace(command='list', storage_type='jsonfile', status='pending', deadline=None, func=<function handle_list_tasks at 0x000002856F769120>),), kwargs: {}
2025-04-24 11:07:12,695 - TaskManager - INFO - Completed handle_list_tasks
2025-04-24 11:10:01,532 - TaskManager - INFO - Executing handle_list_tasks with args: (Namespace(command='list', storage_type='jsonfile', status=None, deadline=None, func=<function handle_list_tasks at 0x000001B680FE9120>),), kwargs: {}
2025-04-24 11:10:01,533 - TaskManager - INFO - Completed handle_list_tasks
2025-04-24 11:13:12,929 - TaskManager - INFO - Executing handle_list_tasks with args: (Namespace(command='list', storage_type='jsonfile', status='pending', deadline=None, func=<function handle_list_tasks at 0x000002CA17F19260>),), kwargs: {}
2025-04-24 11:13:12,929 - TaskManager - INFO - Completed handle_list_tasks
2025-04-24 11:14:08,216 - TaskManager - INFO - Executing handle_list_tasks with args: (Namespace(command='list', storage_type='jsonfile', status='pending', deadline=None, func=<function handle_list_tasks at 0x0000023D084B91C0>),), kwargs: {}
2025-04-24 11:16:28,714 - TaskManager - INFO - Executing handle_list_tasks with args: (Namespace(command='list', storage_type='jsonfile', status='pending', deadline=None, func=<function handle_list_tasks at 0x0000027DD5EF9120>),), kwargs: {}
2025-04-24 11:16:28,714 - TaskManager - INFO - Completed handle_list_tasks
2025-04-24 11:16:43,181 - TaskManager - INFO - Executing handle_list_tasks with args: (Namespace(command='list', storage_type='jsonfile', status='pending', deadline=None, func=<function handle_list_tasks at 0x000001CEF3AE9120>),), kwargs: {}
2025-04-24 11:16:43,181 - TaskManager - INFO - Completed handle_list_tasks
2025-04-24 11:17:11,421 - TaskManager - INFO - Executing handle_list_tasks with args: (Namespace(command='list', storage_type='jsonfile', status='pending', deadline=None, func=<function handle_list_tasks at 0x00000265236E9120>),), kwargs: {}
2025-04-24 11:17:11,421 - TaskManager - INFO - Completed handle_list_tasks
2025-04-24 11:17:21,485 - TaskManager - INFO - Executing handle_list_tasks with args: (Namespace(command='list', storage_type='jsonfile', status='pending', deadline=None, func=<function handle_list_tasks at 0x000001E15CB79120>),), kwargs: {}
2025-04-24 11:17:21,485 - TaskManager - INFO - Completed handle_list_tasks
2025-04-24 11:18:34,561 - TaskManager - INFO - Executing handle_list_tasks with args: (Namespace(command='list', storage_type='jsonfile', status='pending', deadline=None, func=<function handle_list_tasks at 0x00000280F7AA91C0>),), kwargs: {}
2025-04-24 11:18:34,561 - TaskManager - INFO - Completed handle_list_tasks
2025-04-24 11:19:07,999 - TaskManager - INFO - Executing handle_list_tasks with args: (Namespace(command='list', storage_type='jsonfile', status='pending', deadline=None, func=<function handle_list_tasks at 0x000001A65AEA91C0>),), kwargs: {}
2025-04-24 11:19:07,999 - TaskManager - INFO - Completed handle_list_tasks
2025-04-24 11:19:18,611 - TaskManager - INFO - Executing handle_list_tasks with args: (Namespace(command='list', storage_type='jsonfile', status=None, deadline=None, func=<function handle_list_tasks at 0x000001B5813391C0>),), kwargs: {}
2025-04-24 11:19:18,611 - TaskManager - INFO - Completed handle_list_tasks
2025-04-24 11:20:50,146 - TaskManager - INFO - Executing handle_list_tasks with args: (Namespace(command='list', storage_type='jsonfile', status='pending', deadline=None, func=<function handle_list_tasks at 0x000001EFDE9D91C0>),), kwargs: {}
2025-04-24 11:25:20,902 - TaskManager - INFO - Executing handle_list_tasks with args: (Namespace(command='list', storage_type='jsonfile', status='pending', deadline=None, func=<function handle_list_tasks at 0x000001E18EA59120>),), kwargs: {}
2025-04-24 11:25:20,903 - TaskManager - INFO - Completed handle_list_tasks
2025-04-24 11:25:43,404 - TaskManager - INFO - Executing handle_list_tasks with args: (Namespace(command='list', storage_type='jsonfile', status='pending', deadline=None, func=<function handle_list_tasks at 0x000001BE39509120>),), kwargs: {}
2025-04-24 11:25:43,404 - TaskManager - INFO - Completed handle_list_tasks
2025-04-24 11:26:11,571 - TaskManager - INFO - Executing handle_list_tasks with args: (Namespace(command='list', storage_type='jsonfile', status='completed', deadline=None, func=<function handle_list_tasks at 0x000002002A5F9120>),), kwargs: {}
2025-04-24 11:26:11,571 - TaskManager - INFO - Completed handle_list_tasks
2025-04-24 11:26:21,850 - TaskManager - INFO - Executing handle_list_tasks with args: (Namespace(command='list', storage_type='jsonfile', status='pending', deadline=None, func=<function handle_list_tasks at 0x0000015A20259120>),), kwargs: {}
2025-04-24 11:26:21,850 - TaskManager - INFO - Completed handle_list_tasks
2025-04-24 11:26:30,248 - TaskManager - INFO - Executing handle_list_tasks with args: (Namespace(command='list', storage_type='jsonfile', status='completed', deadline=None, func=<function handle_list_tasks at 0x000001F08B6A9120>),), kwargs: {}
2025-04-24 11:26:30,248 - TaskManager - INFO - Completed handle_list_tasks
2025-04-24 11:28:38,963 - TaskManager - INFO - Executing handle_list_tasks with args: (Namespace(command='list', storage_type='jsonfile', status='completed', deadline=None, func=<function handle_list_tasks at 0x000001DEDB899120>),), kwargs: {}
2025-04-24 11:28:38,963 - TaskManager - INFO - Completed handle_list_tasks
2025-04-24 11:29:00,863 - TaskManager - INFO - Executing handle_list_tasks with args: (Namespace(command='list', storage_type='jsonfile', status='completed', deadline=None, func=<function handle_list_tasks at 0x000002508A289120>),), kwargs: {}
2025-04-24 11:29:00,863 - TaskManager - INFO - Completed handle_list_tasks
2025-04-24 11:30:37,317 - TaskManager - INFO - Executing handle_update_task with args: (Namespace(command='update', task_id='cc65f19b-9af2-4ec2-a88c-5902579ed411', title=None, description=None, status='completed', storage_type='sqlite', deadline=None, func=<function handle_update_task at 0x0000028752C49260>),), kwargs: {}
2025-04-24 11:30:37,349 - TaskManager - INFO - Completed handle_update_task
2025-04-24 11:30:57,007 - TaskManager - INFO - Executing handle_update_task with args: (Namespace(command='update', task_id='cc65f19b-9af2-4ec2-a88c-5902579ed411', title=None, description=None, status='completed', storage_type='jsonfile', deadline=None, func=<function handle_update_task at 0x0000022E86A09260>),), kwargs: {}
2025-04-24 11:30:57,007 - TaskManager - INFO - Completed handle_update_task
2025-04-24 11:31:02,953 - TaskManager - INFO - Executing handle_list_tasks with args: (Namespace(command='list', storage_type='jsonfile', status='completed', deadline=None, func=<function handle_list_tasks at 0x000001616AA99120>),), kwargs: {}
2025-04-24 11:31:02,955 - TaskManager - INFO - Completed handle_list_tasks
2025-04-24 11:34:33,201 - TaskManager - INFO - Executing handle_list_tasks with args: (Namespace(command='list', storage_type='jsonfile', status=None, deadline='2025-04-24 23:59:59', func=<function handle_list_tasks at 0x000001F453B69120>),), kwargs: {}
2025-04-24 11:34:33,209 - TaskManager - INFO - Completed handle_list_tasks
2025-04-24 11:34:50,984 - TaskManager - INFO - Executing handle_list_tasks with args: (Namespace(command='list', storage_type='jsonfile', status=None, deadline='2026-04-24 23:59:59', func=<function handle_list_tasks at 0x000002811DFB9120>),), kwargs: {}
2025-04-24 11:34:50,987 - TaskManager - INFO - Completed handle_list_tasks
2025-04-24 11:36:13,666 - TaskManager - INFO - Executing handle_list_tasks with args: (Namespace(command='list', storage_type='jsonfile', status='completed', deadline=None, func=<function handle_list_tasks at 0x0000026BB0A69120>),), kwargs: {}
2025-04-24 11:36:13,668 - TaskManager - INFO - Completed handle_list_tasks
2025-04-24 11:36:42,074 - TaskManager - INFO - Executing handle_list_tasks with args: (Namespace(command='list', storage_type='jsonfile', status='pending', deadline=None, func=<function handle_list_tasks at 0x0000024B25289120>),), kwargs: {}
2025-04-24 11:36:42,074 - TaskManager - INFO - Completed handle_list_tasks
2025-04-24 11:37:18,193 - TaskManager - INFO - Executing handle_list_tasks with args: (Namespace(command='list', storage_type='jsonfile', status=None, deadline='2025-04-24 23:59:59', func=<function handle_list_tasks at 0x00000161472B9120>),), kwargs: {}
2025-04-24 11:37:18,199 - TaskManager - INFO - Completed handle_list_tasks
2025-04-24 11:37:29,958 - TaskManager - INFO - Executing handle_list_tasks with args: (Namespace(command='list', storage_type='jsonfile', status=None, deadline='2020-04-24 23:59:59', func=<function handle_list_tasks at 0x00000226F5029120>),), kwargs: {}
2025-04-24 11:37:29,958 - TaskManager - INFO - Completed handle_list_tasks
2025-04-24 11:38:03,202 - TaskManager - INFO - Executing handle_list_tasks with args: (Namespace(command='list', storage_type='jsonfile', status='pending', deadline=None, func=<function handle_list_tasks at 0x000001D335DD9120>),), kwargs: {}
2025-04-24 11:38:03,202 - TaskManager - INFO - Completed handle_list_tasks
2025-04-24 11:41:22,560 - TaskManager - INFO - Executing handle_list_tasks with args: (Namespace(command='list', storage_type='jsonfile', status=None, deadline='2026-04-24 23:59:59', func=<function handle_list_tasks at 0x0000020A88D99120>),), kwargs: {}
2025-04-24 11:41:22,560 - TaskManager - INFO - Completed handle_list_tasks
2025-04-24 11:54:38,874 - TaskManager - INFO - Executing handle_list_tasks with args: (Namespace(command='list', storage_type='jsonfile', status=None, deadline='2026-04-24 23:59:59', func=<function handle_list_tasks at 0x000002A343BD9120>),), kwargs: {}
2025-04-24 11:54:38,874 - TaskManager - INFO - Completed handle_list_tasks
2025-04-24 11:54:50,054 - TaskManager - INFO - Executing handle_list_tasks with args: (Namespace(command='list', storage_type='jsonfile', status=None, deadline='2020-04-24 23:59:59', func=<function handle_list_tasks at 0x00000274CACD9120>),), kwargs: {}
2025-04-24 11:54:50,054 - TaskManager - INFO - Completed handle_list_tasks
2025-04-24 11:59:10,562 - TaskManager - INFO - Executing handle_list_tasks with args: (Namespace(command='list', storage_type='jsonfile', status=None, deadline=None, func=<function handle_list_tasks at 0x000001731D869120>),), kwargs: {}
2025-04-24 11:59:10,562 - TaskManager - INFO - Completed handle_list_tasks
2025-04-24 12:01:06,910 - TaskManager - INFO - Executing handle_list_tasks with args: (Namespace(command='list', storage_type='jsonfile', status=None, deadline='2020-04-24 23:59:59', func=<function handle_list_tasks at 0x00000203CBF89120>),), kwargs: {}
2025-04-24 12:03:30,074 - TaskManager - INFO - Executing handle_list_tasks with args: (Namespace(command='list', storage_type='jsonfile', status=None, deadline='2020-04-24 23:59:59', func=<function handle_list_tasks at 0x00000200511C9120>),), kwargs: {}
2025-04-24 12:03:41,973 - TaskManager - INFO - Executing handle_list_tasks with args: (Namespace(command='list', storage_type='jsonfile', status=None, deadline='2020-04-24 23:59:59', func=<function handle_list_tasks at 0x0000025EBDE29120>),), kwargs: {}
2025-04-24 12:03:51,287 - TaskManager - INFO - Executing handle_list_tasks with args: (Namespace(command='list', storage_type='jsonfile', status=None, deadline='2020-04-24 23:59:59', func=<function handle_list_tasks at 0x000001B54AD69120>),), kwargs: {}
2025-04-24 12:03:51,287 - TaskManager - INFO - Completed handle_list_tasks
2025-04-24 12:08:19,689 - TaskManager - INFO - Executing handle_list_tasks with args: (Namespace(command='list', storage_type='jsonfile', status=None, deadline='2020-04-24 23:59:59', func=<function handle_list_tasks at 0x00000279C39791C0>),), kwargs: {}
2025-04-24 12:08:19,698 - TaskManager - INFO - Completed handle_list_tasks
2025-04-24 12:09:56,443 - TaskManager - INFO - Executing handle_list_tasks with args: (Namespace(command='list', storage_type='jsonfile', status=None, deadline='2020-04-24 23:59:59', func=<function handle_list_tasks at 0x0000017345D391C0>),), kwargs: {}
2025-04-24 12:09:56,446 - TaskManager - INFO - Completed handle_list_tasks
2025-04-24 12:12:49,007 - TaskManager - INFO - Executing handle_list_tasks with args: (Namespace(command='list', storage_type='jsonfile', status=None, deadline='2020-04-24 23:59:59', func=<function handle_list_tasks at 0x000001FAF32F91C0>),), kwargs: {}
2025-04-24 12:19:01,176 - TaskManager - INFO - Executing handle_list_tasks with args: (Namespace(command='list', storage_type='jsonfile', status=None, deadline='2020-04-24 23:59:59', func=<function handle_list_tasks at 0x00000287A1449120>),), kwargs: {}
2025-04-24 12:19:01,176 - TaskManager - INFO - Completed handle_list_tasks
2025-04-24 12:21:33,613 - TaskManager - INFO - Executing handle_list_tasks with args: (Namespace(command='list', storage_type='jsonfile', status=None, deadline='2020-04-24 23:59:59', func=<function handle_list_tasks at 0x0000022E3DC59120>),), kwargs: {}
2025-04-24 12:21:33,623 - TaskManager - INFO - Completed handle_list_tasks
2025-04-24 12:22:32,805 - TaskManager - INFO - Executing handle_list_tasks with args: (Namespace(command='list', storage_type='jsonfile', status=None, deadline='2026-04-24 23:59:59', func=<function handle_list_tasks at 0x0000022609209120>),), kwargs: {}
2025-04-24 12:22:32,805 - TaskManager - INFO - Completed handle_list_tasks
2025-04-24 12:23:31,236 - TaskManager - INFO - Executing handle_list_tasks with args: (Namespace(command='list', storage_type='jsonfile', status=None, deadline='2026-04-24 23:59:59', func=<function handle_list_tasks at 0x000001DEDA079120>),), kwargs: {}
2025-04-24 12:23:40,782 - TaskManager - INFO - Executing handle_list_tasks with args: (Namespace(command='list', storage_type='jsonfile', status=None, deadline='2026-04-24 23:59:59', func=<function handle_list_tasks at 0x000001DA500A9120>),), kwargs: {}
2025-04-24 12:23:40,782 - TaskManager - INFO - Completed handle_list_tasks
2025-04-24 12:24:10,504 - TaskManager - INFO - Executing handle_list_tasks with args: (Namespace(command='list', storage_type='jsonfile', status=None, deadline='2026-04-24 23:59:59', func=<function handle_list_tasks at 0x000002A211CB9120>),), kwargs: {}
2025-04-24 12:24:10,504 - TaskManager - INFO - Completed handle_list_tasks
2025-04-24 12:24:20,812 - TaskManager - INFO - Executing handle_list_tasks with args: (Namespace(command='list', storage_type='jsonfile', status=None, deadline='2020-04-24 23:59:59', func=<function handle_list_tasks at 0x0000016389DA9120>),), kwargs: {}
2025-04-24 12:24:20,817 - TaskManager - INFO - Completed handle_list_tasks
2025-04-24 12:37:08,318 - TaskManager - INFO - Executing handle_list_tasks with args: (Namespace(command='list', storage_type='sqlite', status=None, deadline=None, func=<function handle_list_tasks at 0x00000167E7989120>),), kwargs: {}
2025-04-24 12:37:08,332 - TaskManager - INFO - Completed handle_list_tasks
2025-04-24 12:37:44,151 - TaskManager - INFO - Executing handle_list_tasks with args: (Namespace(command='list', storage_type='jsonfile', status=None, deadline='2020-04-24 23:59:59', func=<function handle_list_tasks at 0x00000164B9029120>),), kwargs: {}
2025-04-24 12:37:44,166 - TaskManager - INFO - Completed handle_list_tasks
2025-04-24 12:37:54,879 - TaskManager - INFO - Executing handle_list_tasks with args: (Namespace(command='list', storage_type='jsonfile', status=None, deadline='2026-04-24 23:59:59', func=<function handle_list_tasks at 0x000001F33C8F9120>),), kwargs: {}
2025-04-24 12:37:54,879 - TaskManager - INFO - Completed handle_list_tasks
2025-04-24 12:38:34,682 - TaskManager - INFO - Executing handle_list_tasks with args: (Namespace(command='list', storage_type='jsonfile', status=None, deadline='2021-04-24 23:59:59', func=<function handle_list_tasks at 0x000002174C609120>),), kwargs: {}
2025-04-24 12:38:34,682 - TaskManager - INFO - Completed handle_list_tasks
2025-04-24 12:39:03,355 - TaskManager - INFO - Executing handle_list_tasks with args: (Namespace(command='list', storage_type='jsonfile', status=None, deadline='2021-04-24 23:59:59', func=<function handle_list_tasks at 0x0000027C0CDF9120>),), kwargs: {}
2025-04-24 12:39:03,355 - TaskManager - INFO - Completed handle_list_tasks
2025-04-24 12:40:00,594 - TaskManager - INFO - Executing handle_list_tasks with args: (Namespace(command='list', storage_type='jsonfile', status=None, deadline='2021-04-24 23:59:59', func=<function handle_list_tasks at 0x000002293DE59120>),), kwargs: {}
2025-04-24 12:40:00,594 - TaskManager - INFO - Completed handle_list_tasks
2025-04-24 12:41:15,179 - TaskManager - INFO - Executing handle_list_tasks with args: (Namespace(command='list', storage_type='jsonfile', status=None, deadline='2021-04-24 23:59:59', func=<function handle_list_tasks at 0x0000020D68CE9120>),), kwargs: {}
2025-04-24 12:41:15,179 - TaskManager - INFO - Completed handle_list_tasks
2025-04-24 12:42:12,858 - TaskManager - INFO - Executing handle_list_tasks with args: (Namespace(command='list', storage_type='jsonfile', status=None, deadline='2021-04-24 23:59:59', func=<function handle_list_tasks at 0x000002417EE59120>),), kwargs: {}
2025-04-24 12:42:12,861 - TaskManager - INFO - Completed handle_list_tasks
2025-04-24 12:43:40,726 - TaskManager - INFO - Executing handle_list_tasks with args: (Namespace(command='list', storage_type='jsonfile', status='pending', deadline=None, func=<function handle_list_tasks at 0x0000027109179120>),), kwargs: {}
2025-04-24 12:43:40,726 - TaskManager - INFO - Completed handle_list_tasks
2025-04-24 12:43:52,306 - TaskManager - INFO - Executing handle_list_tasks with args: (Namespace(command='list', storage_type='sqlite', status='pending', deadline=None, func=<function handle_list_tasks at 0x000001945A749120>),), kwargs: {}
2025-04-24 12:43:52,306 - TaskManager - INFO - Completed handle_list_tasks
2025-04-24 12:44:22,812 - TaskManager - INFO - Executing handle_list_tasks with args: (Namespace(command='list', storage_type='sqlite', status='completed', deadline=None, func=<function handle_list_tasks at 0x000001CA139E9120>),), kwargs: {}
2025-04-24 12:44:22,812 - TaskManager - INFO - Completed handle_list_tasks
2025-04-24 12:44:40,807 - TaskManager - INFO - Executing handle_list_tasks with args: (Namespace(command='list', storage_type='sqlite', status=None, deadline='2021-04-24 23:59:59', func=<function handle_list_tasks at 0x0000021931769120>),), kwargs: {}
2025-04-24 12:44:40,807 - TaskManager - INFO - Completed handle_list_tasks
2025-04-25 09:15:08,763 - TaskManager - INFO - Executing handle_add_task with args: (Namespace(command='add', title='òåñò', description='òåñò', storage_type='json', deadline=None, func=<function handle_add_task at 0x000002573C0B8A40>),), kwargs: {}
2025-04-25 09:15:32,579 - TaskManager - INFO - Executing handle_add_task with args: (Namespace(command='add', title='òåñò', description='òåñò', storage_type='jsonfile', deadline=None, func=<function handle_add_task at 0x0000024A7DB78A40>),), kwargs: {}
2025-04-25 09:15:32,610 - TaskManager - INFO - Completed handle_add_task
2025-04-25 09:15:45,906 - TaskManager - INFO - Executing handle_list_tasks with args: (Namespace(command='list', storage_type='jsonfile', status=None, deadline=None, func=<function handle_list_tasks at 0x0000025D3F8F9120>),), kwargs: {}
2025-04-25 09:15:45,906 - TaskManager - INFO - Completed handle_list_tasks
2025-04-25 10:54:45,375 - TaskManager - INFO - Executing handle_export_tasks with args: (Namespace(command='export', filename='tasks.csv', format='csv', storage_type='jsonfile', func=<function handle_export_tasks at 0x000001A149BBA7A0>),), kwargs: {}
2025-04-25 10:54:45,375 - TaskManager - INFO - Completed handle_export_tasks
2025-04-25 10:57:49,829 - TaskManager - INFO - Executing handle_export_tasks with args: (Namespace(command='export', filename='task1.json', format='json', storage_type='sqlite', func=<function handle_export_tasks at 0x00000218A95EA700>),), kwargs: {}
2025-04-25 10:57:49,860 - TaskManager - INFO - Completed handle_export_tasks
2025-04-25 10:58:33,701 - TaskManager - INFO - Executing handle_export_tasks with args: (Namespace(command='export', filename='task1.md', format='markdown', storage_type='sqlite', func=<function handle_export_tasks at 0x0000018A6F91A700>),), kwargs: {}
2025-04-25 10:58:33,717 - TaskManager - INFO - Completed handle_export_tasks
2025-04-25 11:00:43,985 - TaskManager - INFO - Executing handle_export_tasks with args: (Namespace(command='export', filename='task1.md', format='markdown', storage_type='sqlite', func=<function handle_export_tasks at 0x000001D8C8AEA700>),), kwargs: {}
2025-04-25 11:00:44,017 - TaskManager - INFO - Completed handle_export_tasks
2025-05-11 11:42:42,916 - TaskManager - INFO - â†’ Executing: List tasks | args=(Namespace(storage_type='memory', status=None, deadline=None),), kwargs={}
2025-05-11 11:42:42,921 - TaskManager - INFO - âœ“ Completed: List tasks
2025-05-11 11:42:45,498 - TaskManager - INFO - â†’ Executing: List tasks | args=(Namespace(storage_type='memory', status=None, deadline=None),), kwargs={}
2025-05-11 11:42:45,500 - TaskManager - INFO - âœ“ Completed: List tasks
2025-05-11 11:42:47,991 - TaskManager - INFO - â†’ Executing: List tasks | args=(Namespace(storage_type='sqlite', status=None, deadline=None),), kwargs={}
2025-05-11 11:42:48,042 - TaskManager - INFO - âœ“ Completed: List tasks
2025-05-11 11:42:50,510 - TaskManager - INFO - â†’ Executing: List tasks | args=(Namespace(storage_type='jsonfile', status=None, deadline=None),), kwargs={}
2025-05-11 11:42:50,515 - TaskManager - INFO - âœ“ Completed: List tasks
2025-05-11 11:43:25,443 - TaskManager - INFO - â†’ Executing: Add task | args=(Namespace(title='hah', description='hu', deadline='2025-05-31 23:59:00', storage_type='memory'),), kwargs={}
2025-05-11 11:43:25,448 - TaskManager - INFO - âœ“ Completed: Add task
2025-05-11 11:43:27,394 - TaskManager - INFO - â†’ Executing: List tasks | args=(Namespace(storage_type='jsonfile', status=None, deadline=None),), kwargs={}
2025-05-11 11:43:27,396 - TaskManager - INFO - âœ“ Completed: List tasks
2025-05-11 11:55:06,571 - TaskManager - INFO - â†’ Executing: List tasks | args=(Namespace(storage_type='memory', status=None, deadline=None),), kwargs={}
2025-05-11 11:55:06,574 - TaskManager - INFO - âœ“ Completed: List tasks
2025-05-11 11:55:19,579 - TaskManager - INFO - â†’ Executing: List tasks | args=(Namespace(storage_type='memory', status=None, deadline=None),), kwargs={}
2025-05-11 11:55:19,579 - TaskManager - INFO - âœ“ Completed: List tasks
2025-05-11 11:55:21,667 - TaskManager - INFO - â†’ Executing: List tasks | args=(Namespace(storage_type='sqlite', status=None, deadline=None),), kwargs={}
2025-05-11 11:55:21,670 - TaskManager - INFO - âœ“ Completed: List tasks
2025-05-11 11:55:25,237 - TaskManager - INFO - â†’ Executing: List tasks | args=(Namespace(storage_type='jsonfile', status=None, deadline=None),), kwargs={}
2025-05-11 11:55:25,239 - TaskManager - INFO - âœ“ Completed: List tasks
2025-05-11 14:03:56,949 - TaskManager - INFO - â†’ Executing: List tasks | args=(Namespace(storage_type='sqlite', status=None, deadline=None),), kwargs={}
2025-05-11 14:03:56,994 - TaskManager - INFO - âœ“ Completed: List tasks
2025-05-11 14:05:05,754 - TaskManager - INFO - â†’ Executing: List tasks | args=(Namespace(storage_type='jsonfile', status=None, deadline=None),), kwargs={}
2025-05-11 14:05:05,757 - TaskManager - INFO - âœ“ Completed: List tasks
2025-05-13 16:48:20,885 - TaskManager - INFO - â†’ Executing: List tasks | args=(Namespace(storage_type='jsonfile', status=None, deadline=None),), kwargs={}
2025-05-13 16:48:20,886 - TaskManager - INFO - âœ“ Completed: List tasks
2025-05-13 16:48:27,685 - TaskManager - INFO - â†’ Executing: List tasks | args=(Namespace(storage_type='jsonfile', status=None, deadline=None),), kwargs={}
2025-05-13 16:48:27,685 - TaskManager - INFO - âœ“ Completed: List tasks
2025-05-13 16:48:40,556 - TaskManager - INFO - â†’ Executing: Add task | args=(Namespace(title='Ñ‹Ñ‹', description='Ñ„', deadline=None, storage_type='memory'),), kwargs={}
2025-05-13 16:48:40,556 - TaskManager - INFO - âœ“ Completed: Add task
2025-05-13 16:48:41,863 - TaskManager - INFO - â†’ Executing: List tasks | args=(Namespace(storage_type='jsonfile', status=None, deadline=None),), kwargs={}
2025-05-13 16:48:41,865 - TaskManager - INFO - âœ“ Completed: List tasks
